0 verbose cli /usr/local/bin/node /usr/local/bin/npm
1 info using npm@9.6.4
2 info using node@v20.0.0
3 timing npm:load:whichnode Completed in 3ms
4 timing config:load:defaults Completed in 9ms
5 timing config:load:file:/usr/local/lib/node_modules/npm/npmrc Completed in 0ms
6 timing config:load:builtin Completed in 1ms
7 timing config:load:cli Completed in 2ms
8 timing config:load:env Completed in 1ms
9 timing config:load:project Completed in 2ms
10 timing config:load:file:/home/node/.npmrc Completed in 0ms
11 timing config:load:user Completed in 0ms
12 timing config:load:file:/usr/local/etc/npmrc Completed in 1ms
13 timing config:load:global Completed in 1ms
14 timing config:load:setEnvs Completed in 0ms
15 timing config:load Completed in 16ms
16 timing npm:load:configload Completed in 16ms
17 timing npm:load:mkdirpcache Completed in 2ms
18 timing npm:load:mkdirplogs Completed in 1ms
19 verbose title npm install
20 verbose argv "install"
21 timing npm:load:setTitle Completed in 1ms
22 timing config:load:flatten Completed in 3ms
23 timing npm:load:display Completed in 3ms
24 verbose logfile logs-max:10 dir:/home/node/.npm/_logs/2024-06-03T19_26_29_973Z-
25 verbose logfile /home/node/.npm/_logs/2024-06-03T19_26_29_973Z-debug-0.log
26 timing npm:load:logFile Completed in 13ms
27 timing npm:load:timers Completed in 0ms
28 timing npm:load:configScope Completed in 0ms
29 timing npm:load Completed in 41ms
30 timing arborist:ctor Completed in 1ms
31 silly logfile done cleaning log files
32 timing idealTree:init Completed in 64ms
33 timing idealTree:userRequests Completed in 0ms
34 silly idealTree buildDeps
35 timing idealTree:#root Completed in 0ms
36 timing idealTree:buildDeps Completed in 2ms
37 timing idealTree:fixDepFlags Completed in 0ms
38 timing idealTree Completed in 70ms
39 timing reify:loadTrees Completed in 72ms
40 timing reify:diffTrees Completed in 1ms
41 silly reify moves {}
42 timing reify:retireShallow Completed in 1ms
43 timing reify:createSparse Completed in 80ms
44 timing reify:loadBundles Completed in 0ms
45 silly audit bulk request {
45 silly audit   '@babel/parser': [ '7.24.1' ],
45 silly audit   '@esbuild/aix-ppc64': [ '0.20.2' ],
45 silly audit   '@esbuild/android-arm': [ '0.20.2' ],
45 silly audit   '@esbuild/android-arm64': [ '0.20.2' ],
45 silly audit   '@esbuild/android-x64': [ '0.20.2' ],
45 silly audit   '@esbuild/darwin-arm64': [ '0.20.2' ],
45 silly audit   '@esbuild/darwin-x64': [ '0.20.2' ],
45 silly audit   '@esbuild/freebsd-arm64': [ '0.20.2' ],
45 silly audit   '@esbuild/freebsd-x64': [ '0.20.2' ],
45 silly audit   '@esbuild/linux-arm': [ '0.20.2' ],
45 silly audit   '@esbuild/linux-arm64': [ '0.20.2' ],
45 silly audit   '@esbuild/linux-ia32': [ '0.20.2' ],
45 silly audit   '@esbuild/linux-loong64': [ '0.20.2' ],
45 silly audit   '@esbuild/linux-mips64el': [ '0.20.2' ],
45 silly audit   '@esbuild/linux-ppc64': [ '0.20.2' ],
45 silly audit   '@esbuild/linux-riscv64': [ '0.20.2' ],
45 silly audit   '@esbuild/linux-s390x': [ '0.20.2' ],
45 silly audit   '@esbuild/linux-x64': [ '0.20.2' ],
45 silly audit   '@esbuild/netbsd-x64': [ '0.20.2' ],
45 silly audit   '@esbuild/openbsd-x64': [ '0.20.2' ],
45 silly audit   '@esbuild/sunos-x64': [ '0.20.2' ],
45 silly audit   '@esbuild/win32-arm64': [ '0.20.2' ],
45 silly audit   '@esbuild/win32-ia32': [ '0.20.2' ],
45 silly audit   '@esbuild/win32-x64': [ '0.20.2' ],
45 silly audit   '@jridgewell/sourcemap-codec': [ '1.4.15' ],
45 silly audit   '@rollup/rollup-android-arm-eabi': [ '4.13.2' ],
45 silly audit   '@rollup/rollup-android-arm64': [ '4.13.2' ],
45 silly audit   '@rollup/rollup-darwin-arm64': [ '4.13.2' ],
45 silly audit   '@rollup/rollup-darwin-x64': [ '4.13.2' ],
45 silly audit   '@rollup/rollup-linux-arm-gnueabihf': [ '4.13.2' ],
45 silly audit   '@rollup/rollup-linux-arm64-gnu': [ '4.13.2' ],
45 silly audit   '@rollup/rollup-linux-arm64-musl': [ '4.13.2' ],
45 silly audit   '@rollup/rollup-linux-powerpc64le-gnu': [ '4.13.2' ],
45 silly audit   '@rollup/rollup-linux-riscv64-gnu': [ '4.13.2' ],
45 silly audit   '@rollup/rollup-linux-s390x-gnu': [ '4.13.2' ],
45 silly audit   '@rollup/rollup-linux-x64-gnu': [ '4.13.2' ],
45 silly audit   '@rollup/rollup-linux-x64-musl': [ '4.13.2' ],
45 silly audit   '@rollup/rollup-win32-arm64-msvc': [ '4.13.2' ],
45 silly audit   '@rollup/rollup-win32-ia32-msvc': [ '4.13.2' ],
45 silly audit   '@rollup/rollup-win32-x64-msvc': [ '4.13.2' ],
45 silly audit   '@types/estree': [ '1.0.5' ],
45 silly audit   '@vitejs/plugin-vue': [ '4.6.2' ],
45 silly audit   '@vue/compiler-core': [ '3.4.21' ],
45 silly audit   '@vue/compiler-dom': [ '3.4.21' ],
45 silly audit   '@vue/compiler-sfc': [ '3.4.21' ],
45 silly audit   '@vue/compiler-ssr': [ '3.4.21' ],
45 silly audit   '@vue/reactivity': [ '3.4.21' ],
45 silly audit   '@vue/runtime-core': [ '3.4.21' ],
45 silly audit   '@vue/runtime-dom': [ '3.4.21' ],
45 silly audit   '@vue/server-renderer': [ '3.4.21' ],
45 silly audit   '@vue/shared': [ '3.4.21' ],
45 silly audit   csstype: [ '3.1.3' ],
45 silly audit   entities: [ '4.5.0' ],
45 silly audit   esbuild: [ '0.20.2' ],
45 silly audit   'estree-walker': [ '2.0.2' ],
45 silly audit   fsevents: [ '2.3.3' ],
45 silly audit   'magic-string': [ '0.30.8' ],
45 silly audit   nanoid: [ '3.3.7' ],
45 silly audit   picocolors: [ '1.0.0' ],
45 silly audit   postcss: [ '8.4.38' ],
45 silly audit   rollup: [ '4.13.2' ],
45 silly audit   'source-map-js': [ '1.2.0' ],
45 silly audit   vite: [ '5.2.7' ],
45 silly audit   vue: [ '3.4.21' ]
45 silly audit }
46 verbose reify failed optional dependency /home/node/node_modules/fsevents
47 silly reify mark deleted [ '/home/node/node_modules/fsevents' ]
48 verbose reify failed optional dependency /home/node/node_modules/@rollup/rollup-win32-x64-msvc
49 silly reify mark deleted [ '/home/node/node_modules/@rollup/rollup-win32-x64-msvc' ]
50 verbose reify failed optional dependency /home/node/node_modules/@rollup/rollup-win32-ia32-msvc
51 silly reify mark deleted [ '/home/node/node_modules/@rollup/rollup-win32-ia32-msvc' ]
52 verbose reify failed optional dependency /home/node/node_modules/@rollup/rollup-win32-arm64-msvc
53 silly reify mark deleted [ '/home/node/node_modules/@rollup/rollup-win32-arm64-msvc' ]
54 verbose reify failed optional dependency /home/node/node_modules/@rollup/rollup-linux-s390x-gnu
55 silly reify mark deleted [ '/home/node/node_modules/@rollup/rollup-linux-s390x-gnu' ]
56 verbose reify failed optional dependency /home/node/node_modules/@rollup/rollup-linux-riscv64-gnu
57 silly reify mark deleted [ '/home/node/node_modules/@rollup/rollup-linux-riscv64-gnu' ]
58 verbose reify failed optional dependency /home/node/node_modules/@rollup/rollup-linux-powerpc64le-gnu
59 silly reify mark deleted [ '/home/node/node_modules/@rollup/rollup-linux-powerpc64le-gnu' ]
60 verbose reify failed optional dependency /home/node/node_modules/@rollup/rollup-linux-arm64-musl
61 silly reify mark deleted [ '/home/node/node_modules/@rollup/rollup-linux-arm64-musl' ]
62 verbose reify failed optional dependency /home/node/node_modules/@rollup/rollup-linux-arm64-gnu
63 silly reify mark deleted [ '/home/node/node_modules/@rollup/rollup-linux-arm64-gnu' ]
64 verbose reify failed optional dependency /home/node/node_modules/@rollup/rollup-linux-arm-gnueabihf
65 silly reify mark deleted [ '/home/node/node_modules/@rollup/rollup-linux-arm-gnueabihf' ]
66 verbose reify failed optional dependency /home/node/node_modules/@rollup/rollup-darwin-x64
67 silly reify mark deleted [ '/home/node/node_modules/@rollup/rollup-darwin-x64' ]
68 verbose reify failed optional dependency /home/node/node_modules/@rollup/rollup-darwin-arm64
69 silly reify mark deleted [ '/home/node/node_modules/@rollup/rollup-darwin-arm64' ]
70 verbose reify failed optional dependency /home/node/node_modules/@rollup/rollup-android-arm64
71 silly reify mark deleted [ '/home/node/node_modules/@rollup/rollup-android-arm64' ]
72 verbose reify failed optional dependency /home/node/node_modules/@rollup/rollup-android-arm-eabi
73 silly reify mark deleted [ '/home/node/node_modules/@rollup/rollup-android-arm-eabi' ]
74 verbose reify failed optional dependency /home/node/node_modules/@esbuild/win32-x64
75 silly reify mark deleted [ '/home/node/node_modules/@esbuild/win32-x64' ]
76 verbose reify failed optional dependency /home/node/node_modules/@esbuild/win32-ia32
77 silly reify mark deleted [ '/home/node/node_modules/@esbuild/win32-ia32' ]
78 verbose reify failed optional dependency /home/node/node_modules/@esbuild/win32-arm64
79 silly reify mark deleted [ '/home/node/node_modules/@esbuild/win32-arm64' ]
80 verbose reify failed optional dependency /home/node/node_modules/@esbuild/sunos-x64
81 silly reify mark deleted [ '/home/node/node_modules/@esbuild/sunos-x64' ]
82 verbose reify failed optional dependency /home/node/node_modules/@esbuild/openbsd-x64
83 silly reify mark deleted [ '/home/node/node_modules/@esbuild/openbsd-x64' ]
84 verbose reify failed optional dependency /home/node/node_modules/@esbuild/netbsd-x64
85 silly reify mark deleted [ '/home/node/node_modules/@esbuild/netbsd-x64' ]
86 verbose reify failed optional dependency /home/node/node_modules/@esbuild/linux-s390x
87 silly reify mark deleted [ '/home/node/node_modules/@esbuild/linux-s390x' ]
88 verbose reify failed optional dependency /home/node/node_modules/@esbuild/linux-riscv64
89 silly reify mark deleted [ '/home/node/node_modules/@esbuild/linux-riscv64' ]
90 verbose reify failed optional dependency /home/node/node_modules/@esbuild/linux-ppc64
91 silly reify mark deleted [ '/home/node/node_modules/@esbuild/linux-ppc64' ]
92 verbose reify failed optional dependency /home/node/node_modules/@esbuild/linux-mips64el
93 silly reify mark deleted [ '/home/node/node_modules/@esbuild/linux-mips64el' ]
94 verbose reify failed optional dependency /home/node/node_modules/@esbuild/linux-loong64
95 silly reify mark deleted [ '/home/node/node_modules/@esbuild/linux-loong64' ]
96 verbose reify failed optional dependency /home/node/node_modules/@esbuild/linux-ia32
97 silly reify mark deleted [ '/home/node/node_modules/@esbuild/linux-ia32' ]
98 verbose reify failed optional dependency /home/node/node_modules/@esbuild/linux-arm64
99 silly reify mark deleted [ '/home/node/node_modules/@esbuild/linux-arm64' ]
100 verbose reify failed optional dependency /home/node/node_modules/@esbuild/linux-arm
101 silly reify mark deleted [ '/home/node/node_modules/@esbuild/linux-arm' ]
102 verbose reify failed optional dependency /home/node/node_modules/@esbuild/freebsd-x64
103 silly reify mark deleted [ '/home/node/node_modules/@esbuild/freebsd-x64' ]
104 verbose reify failed optional dependency /home/node/node_modules/@esbuild/freebsd-arm64
105 silly reify mark deleted [ '/home/node/node_modules/@esbuild/freebsd-arm64' ]
106 verbose reify failed optional dependency /home/node/node_modules/@esbuild/darwin-x64
107 silly reify mark deleted [ '/home/node/node_modules/@esbuild/darwin-x64' ]
108 verbose reify failed optional dependency /home/node/node_modules/@esbuild/darwin-arm64
109 silly reify mark deleted [ '/home/node/node_modules/@esbuild/darwin-arm64' ]
110 verbose reify failed optional dependency /home/node/node_modules/@esbuild/android-x64
111 silly reify mark deleted [ '/home/node/node_modules/@esbuild/android-x64' ]
112 verbose reify failed optional dependency /home/node/node_modules/@esbuild/android-arm64
113 silly reify mark deleted [ '/home/node/node_modules/@esbuild/android-arm64' ]
114 verbose reify failed optional dependency /home/node/node_modules/@esbuild/android-arm
115 silly reify mark deleted [ '/home/node/node_modules/@esbuild/android-arm' ]
116 verbose reify failed optional dependency /home/node/node_modules/@esbuild/aix-ppc64
117 silly reify mark deleted [ '/home/node/node_modules/@esbuild/aix-ppc64' ]
118 timing reifyNode:node_modules/fsevents Completed in 35ms
119 timing reifyNode:node_modules/@rollup/rollup-win32-x64-msvc Completed in 35ms
120 timing reifyNode:node_modules/@rollup/rollup-win32-ia32-msvc Completed in 35ms
121 timing reifyNode:node_modules/@rollup/rollup-win32-arm64-msvc Completed in 36ms
122 timing reifyNode:node_modules/@rollup/rollup-linux-s390x-gnu Completed in 36ms
123 timing reifyNode:node_modules/@rollup/rollup-linux-riscv64-gnu Completed in 36ms
124 timing reifyNode:node_modules/@rollup/rollup-linux-powerpc64le-gnu Completed in 37ms
125 timing reifyNode:node_modules/@rollup/rollup-linux-arm64-musl Completed in 37ms
126 timing reifyNode:node_modules/@rollup/rollup-linux-arm64-gnu Completed in 37ms
127 timing reifyNode:node_modules/@rollup/rollup-linux-arm-gnueabihf Completed in 37ms
128 timing reifyNode:node_modules/@rollup/rollup-darwin-x64 Completed in 38ms
129 timing reifyNode:node_modules/@rollup/rollup-darwin-arm64 Completed in 38ms
130 timing reifyNode:node_modules/@rollup/rollup-android-arm64 Completed in 38ms
131 timing reifyNode:node_modules/@rollup/rollup-android-arm-eabi Completed in 39ms
132 timing reifyNode:node_modules/@esbuild/win32-x64 Completed in 39ms
133 timing reifyNode:node_modules/@esbuild/win32-ia32 Completed in 39ms
134 timing reifyNode:node_modules/@esbuild/win32-arm64 Completed in 39ms
135 timing reifyNode:node_modules/@esbuild/sunos-x64 Completed in 40ms
136 timing reifyNode:node_modules/@esbuild/openbsd-x64 Completed in 40ms
137 timing reifyNode:node_modules/@esbuild/netbsd-x64 Completed in 40ms
138 timing reifyNode:node_modules/@esbuild/linux-s390x Completed in 40ms
139 timing reifyNode:node_modules/@esbuild/linux-riscv64 Completed in 39ms
140 timing reifyNode:node_modules/@esbuild/linux-ppc64 Completed in 40ms
141 timing reifyNode:node_modules/@esbuild/linux-mips64el Completed in 40ms
142 timing reifyNode:node_modules/@esbuild/linux-loong64 Completed in 40ms
143 timing reifyNode:node_modules/@esbuild/linux-ia32 Completed in 40ms
144 timing reifyNode:node_modules/@esbuild/linux-arm64 Completed in 41ms
145 timing reifyNode:node_modules/@esbuild/linux-arm Completed in 41ms
146 timing reifyNode:node_modules/@esbuild/freebsd-x64 Completed in 41ms
147 timing reifyNode:node_modules/@esbuild/freebsd-arm64 Completed in 41ms
148 timing reifyNode:node_modules/@esbuild/darwin-x64 Completed in 41ms
149 timing reifyNode:node_modules/@esbuild/darwin-arm64 Completed in 42ms
150 timing reifyNode:node_modules/@esbuild/android-x64 Completed in 42ms
151 timing reifyNode:node_modules/@esbuild/android-arm64 Completed in 42ms
152 timing reifyNode:node_modules/@esbuild/android-arm Completed in 42ms
153 timing reifyNode:node_modules/@esbuild/aix-ppc64 Completed in 43ms
154 silly tarball no local data for vue@https://registry.npmjs.org/vue/-/vue-3.4.21.tgz. Extracting by manifest.
155 silly tarball no local data for rollup@https://registry.npmjs.org/rollup/-/rollup-4.13.2.tgz. Extracting by manifest.
156 silly tarball no local data for nanoid@https://registry.npmjs.org/nanoid/-/nanoid-3.3.7.tgz. Extracting by manifest.
157 silly tarball no local data for magic-string@https://registry.npmjs.org/magic-string/-/magic-string-0.30.8.tgz. Extracting by manifest.
158 silly tarball no local data for source-map-js@https://registry.npmjs.org/source-map-js/-/source-map-js-1.2.0.tgz. Extracting by manifest.
159 silly tarball no local data for vite@https://registry.npmjs.org/vite/-/vite-5.2.7.tgz. Extracting by manifest.
160 silly tarball no local data for picocolors@https://registry.npmjs.org/picocolors/-/picocolors-1.0.0.tgz. Extracting by manifest.
161 silly tarball no local data for entities@https://registry.npmjs.org/entities/-/entities-4.5.0.tgz. Extracting by manifest.
162 silly tarball no local data for estree-walker@https://registry.npmjs.org/estree-walker/-/estree-walker-2.0.2.tgz. Extracting by manifest.
163 silly tarball no local data for esbuild@https://registry.npmjs.org/esbuild/-/esbuild-0.20.2.tgz. Extracting by manifest.
164 silly tarball no local data for csstype@https://registry.npmjs.org/csstype/-/csstype-3.1.3.tgz. Extracting by manifest.
165 silly tarball no local data for @vue/runtime-dom@https://registry.npmjs.org/@vue/runtime-dom/-/runtime-dom-3.4.21.tgz. Extracting by manifest.
166 silly tarball no local data for @vue/runtime-core@https://registry.npmjs.org/@vue/runtime-core/-/runtime-core-3.4.21.tgz. Extracting by manifest.
167 silly tarball no local data for @vue/server-renderer@https://registry.npmjs.org/@vue/server-renderer/-/server-renderer-3.4.21.tgz. Extracting by manifest.
168 silly tarball no local data for @vue/shared@https://registry.npmjs.org/@vue/shared/-/shared-3.4.21.tgz. Extracting by manifest.
169 silly tarball no local data for postcss@https://registry.npmjs.org/postcss/-/postcss-8.4.38.tgz. Extracting by manifest.
170 silly tarball no local data for @vue/reactivity@https://registry.npmjs.org/@vue/reactivity/-/reactivity-3.4.21.tgz. Extracting by manifest.
171 silly tarball no local data for @vue/compiler-dom@https://registry.npmjs.org/@vue/compiler-dom/-/compiler-dom-3.4.21.tgz. Extracting by manifest.
172 silly tarball no local data for @vue/compiler-ssr@https://registry.npmjs.org/@vue/compiler-ssr/-/compiler-ssr-3.4.21.tgz. Extracting by manifest.
173 silly tarball no local data for @vue/compiler-sfc@https://registry.npmjs.org/@vue/compiler-sfc/-/compiler-sfc-3.4.21.tgz. Extracting by manifest.
174 silly tarball no local data for @vue/compiler-core@https://registry.npmjs.org/@vue/compiler-core/-/compiler-core-3.4.21.tgz. Extracting by manifest.
175 silly tarball no local data for @vitejs/plugin-vue@https://registry.npmjs.org/@vitejs/plugin-vue/-/plugin-vue-4.6.2.tgz. Extracting by manifest.
176 silly tarball no local data for @types/estree@https://registry.npmjs.org/@types/estree/-/estree-1.0.5.tgz. Extracting by manifest.
177 silly tarball no local data for @rollup/rollup-linux-x64-musl@https://registry.npmjs.org/@rollup/rollup-linux-x64-musl/-/rollup-linux-x64-musl-4.13.2.tgz. Extracting by manifest.
178 silly tarball no local data for @jridgewell/sourcemap-codec@https://registry.npmjs.org/@jridgewell/sourcemap-codec/-/sourcemap-codec-1.4.15.tgz. Extracting by manifest.
179 silly tarball no local data for @rollup/rollup-linux-x64-gnu@https://registry.npmjs.org/@rollup/rollup-linux-x64-gnu/-/rollup-linux-x64-gnu-4.13.2.tgz. Extracting by manifest.
180 silly tarball no local data for @esbuild/linux-x64@https://registry.npmjs.org/@esbuild/linux-x64/-/linux-x64-0.20.2.tgz. Extracting by manifest.
181 silly tarball no local data for @babel/parser@https://registry.npmjs.org/@babel/parser/-/parser-7.24.1.tgz. Extracting by manifest.
182 http fetch POST 200 https://registry.npmjs.org/-/npm/v1/security/advisories/bulk 350ms
183 timing auditReport:getReport Completed in 355ms
184 silly audit report {}
185 timing auditReport:init Completed in 0ms
186 timing reify:audit Completed in 358ms
187 http fetch GET 200 https://registry.npmjs.org/@jridgewell/sourcemap-codec/-/sourcemap-codec-1.4.15.tgz 696ms (cache miss)
188 http fetch GET 200 https://registry.npmjs.org/@vue/shared/-/shared-3.4.21.tgz 712ms (cache miss)
189 timing reifyNode:node_modules/@vue/shared Completed in 808ms
190 http fetch GET 200 https://registry.npmjs.org/@types/estree/-/estree-1.0.5.tgz 705ms (cache miss)
191 timing reifyNode:node_modules/@types/estree Completed in 808ms
192 http fetch GET 200 https://registry.npmjs.org/picocolors/-/picocolors-1.0.0.tgz 723ms (cache miss)
193 timing reifyNode:node_modules/picocolors Completed in 812ms
194 timing reifyNode:node_modules/@jridgewell/sourcemap-codec Completed in 887ms
195 http fetch GET 200 https://registry.npmjs.org/@vue/compiler-ssr/-/compiler-ssr-3.4.21.tgz 795ms (cache miss)
196 timing reifyNode:node_modules/@vue/compiler-ssr Completed in 893ms
197 http fetch GET 200 https://registry.npmjs.org/@vitejs/plugin-vue/-/plugin-vue-4.6.2.tgz 808ms (cache miss)
198 timing reifyNode:node_modules/@vitejs/plugin-vue Completed in 938ms
199 http fetch GET 200 https://registry.npmjs.org/nanoid/-/nanoid-3.3.7.tgz 872ms (cache miss)
200 timing reifyNode:node_modules/nanoid Completed in 959ms
201 http fetch GET 200 https://registry.npmjs.org/esbuild/-/esbuild-0.20.2.tgz 927ms (cache miss)
202 timing reifyNode:node_modules/esbuild Completed in 1019ms
203 http fetch GET 200 https://registry.npmjs.org/estree-walker/-/estree-walker-2.0.2.tgz 967ms (cache miss)
204 timing reifyNode:node_modules/estree-walker Completed in 1057ms
205 http fetch GET 200 https://registry.npmjs.org/source-map-js/-/source-map-js-1.2.0.tgz 1070ms (cache miss)
206 timing reifyNode:node_modules/source-map-js Completed in 1159ms
207 http fetch GET 200 https://registry.npmjs.org/@vue/compiler-core/-/compiler-core-3.4.21.tgz 1060ms (cache miss)
208 http fetch GET 200 https://registry.npmjs.org/@vue/reactivity/-/reactivity-3.4.21.tgz 1089ms (cache miss)
209 timing reifyNode:node_modules/@vue/reactivity Completed in 1186ms
210 timing reifyNode:node_modules/@vue/compiler-core Completed in 1186ms
211 http fetch GET 200 https://registry.npmjs.org/npm 1476ms (cache miss)
212 http fetch GET 200 https://registry.npmjs.org/@vue/server-renderer/-/server-renderer-3.4.21.tgz 1304ms (cache miss)
213 timing reifyNode:node_modules/@vue/server-renderer Completed in 1397ms
214 http fetch GET 200 https://registry.npmjs.org/magic-string/-/magic-string-0.30.8.tgz 1325ms (cache miss)
215 timing reifyNode:node_modules/magic-string Completed in 1412ms
216 http fetch GET 200 https://registry.npmjs.org/@vue/compiler-dom/-/compiler-dom-3.4.21.tgz 1399ms (cache miss)
217 timing reifyNode:node_modules/@vue/compiler-dom Completed in 1496ms
218 http fetch GET 200 https://registry.npmjs.org/postcss/-/postcss-8.4.38.tgz 1600ms (cache miss)
219 timing reifyNode:node_modules/postcss Completed in 1696ms
220 http fetch GET 200 https://registry.npmjs.org/@vue/runtime-core/-/runtime-core-3.4.21.tgz 1604ms (cache miss)
221 timing reifyNode:node_modules/@vue/runtime-core Completed in 1698ms
222 http fetch GET 200 https://registry.npmjs.org/csstype/-/csstype-3.1.3.tgz 1693ms (cache miss)
223 timing reifyNode:node_modules/csstype Completed in 1785ms
224 http fetch GET 200 https://registry.npmjs.org/vue/-/vue-3.4.21.tgz 1732ms (cache miss)
225 timing reifyNode:node_modules/vue Completed in 1830ms
226 http fetch GET 200 https://registry.npmjs.org/entities/-/entities-4.5.0.tgz 1763ms (cache miss)
227 http fetch GET 200 https://registry.npmjs.org/@vue/runtime-dom/-/runtime-dom-3.4.21.tgz 1788ms (cache miss)
228 timing reifyNode:node_modules/@vue/runtime-dom Completed in 1880ms
229 timing reifyNode:node_modules/entities Completed in 1882ms
230 http fetch GET 200 https://registry.npmjs.org/@babel/parser/-/parser-7.24.1.tgz 1788ms (cache miss)
231 timing reifyNode:node_modules/@babel/parser Completed in 1921ms
232 http fetch GET 200 https://registry.npmjs.org/@rollup/rollup-linux-x64-musl/-/rollup-linux-x64-musl-4.13.2.tgz 2050ms (cache miss)
233 timing reifyNode:node_modules/@rollup/rollup-linux-x64-musl Completed in 2153ms
234 http fetch GET 200 https://registry.npmjs.org/@vue/compiler-sfc/-/compiler-sfc-3.4.21.tgz 2062ms (cache miss)
235 timing reifyNode:node_modules/@vue/compiler-sfc Completed in 2162ms
236 http fetch GET 200 https://registry.npmjs.org/rollup/-/rollup-4.13.2.tgz 2078ms (cache miss)
237 timing reifyNode:node_modules/rollup Completed in 2166ms
238 http fetch GET 200 https://registry.npmjs.org/@rollup/rollup-linux-x64-gnu/-/rollup-linux-x64-gnu-4.13.2.tgz 2173ms (cache miss)
239 timing reifyNode:node_modules/@rollup/rollup-linux-x64-gnu Completed in 2280ms
240 http fetch GET 200 https://registry.npmjs.org/vite/-/vite-5.2.7.tgz 2469ms (cache miss)
241 timing reifyNode:node_modules/vite Completed in 2558ms
242 http fetch GET 200 https://registry.npmjs.org/@esbuild/linux-x64/-/linux-x64-0.20.2.tgz 2616ms (cache miss)
243 timing reifyNode:node_modules/@esbuild/linux-x64 Completed in 2735ms
244 timing reify:unpack Completed in 2736ms
245 timing reify:unretire Completed in 1ms
246 timing build:queue Completed in 36ms
247 timing build:link:node_modules/esbuild Completed in 13ms
248 timing build:link:node_modules/@babel/parser Completed in 15ms
249 timing build:link:node_modules/nanoid Completed in 15ms
250 timing build:link:node_modules/vite Completed in 31ms
251 timing build:link:node_modules/rollup Completed in 34ms
252 timing build:link Completed in 35ms
253 info run esbuild@0.20.2 postinstall node_modules/esbuild node install.js
254 info run esbuild@0.20.2 postinstall { code: 0, signal: null }
255 timing build:run:postinstall:node_modules/esbuild Completed in 614ms
256 timing build:run:postinstall Completed in 614ms
257 timing build:deps Completed in 688ms
258 timing build Completed in 689ms
259 timing reify:build Completed in 689ms
260 timing reify:trash Completed in 55ms
261 timing reify:save Completed in 42ms
262 timing reify Completed in 3755ms
263 silly ADD node_modules/vue
264 silly ADD node_modules/vite
265 silly ADD node_modules/source-map-js
266 silly ADD node_modules/rollup
267 silly ADD node_modules/postcss
268 silly ADD node_modules/picocolors
269 silly ADD node_modules/nanoid
270 silly ADD node_modules/magic-string
271 silly ADD
272 silly ADD node_modules/estree-walker
273 silly ADD node_modules/esbuild
274 silly ADD node_modules/entities
275 silly ADD node_modules/csstype
276 silly ADD node_modules/@vue/shared
277 silly ADD node_modules/@vue/server-renderer
278 silly ADD node_modules/@vue/runtime-dom
279 silly ADD node_modules/@vue/runtime-core
280 silly ADD node_modules/@vue/reactivity
281 silly ADD node_modules/@vue/compiler-ssr
282 silly ADD node_modules/@vue/compiler-sfc
283 silly ADD node_modules/@vue/compiler-dom
284 silly ADD node_modules/@vue/compiler-core
285 silly ADD node_modules/@vitejs/plugin-vue
286 silly ADD node_modules/@types/estree
287 silly ADD
288 silly ADD
289 silly ADD
290 silly ADD node_modules/@rollup/rollup-linux-x64-musl
291 silly ADD node_modules/@rollup/rollup-linux-x64-gnu
292 silly ADD
293 silly ADD
294 silly ADD
295 silly ADD
296 silly ADD
297 silly ADD
298 silly ADD
299 silly ADD
300 silly ADD
301 silly ADD
302 silly ADD node_modules/@jridgewell/sourcemap-codec
303 silly ADD
304 silly ADD
305 silly ADD
306 silly ADD
307 silly ADD
308 silly ADD
309 silly ADD node_modules/@esbuild/linux-x64
310 silly ADD
311 silly ADD
312 silly ADD
313 silly ADD
314 silly ADD
315 silly ADD
316 silly ADD
317 silly ADD
318 silly ADD
319 silly ADD
320 silly ADD
321 silly ADD
322 silly ADD
323 silly ADD
324 silly ADD
325 silly ADD
326 silly ADD node_modules/@babel/parser
327 timing command:install Completed in 3805ms
328 notice
328 notice New major version of npm available! 9.6.4 -> 10.8.1
328 notice Changelog: <https://github.com/npm/cli/releases/tag/v10.8.1>
328 notice Run `npm install -g npm@10.8.1` to update!
328 notice
329 verbose exit 0
330 timing npm Completed in 3860ms
331 info ok
